==8822== Memcheck, a memory error detector
==8822== Copyright (C) 2002-2022, and GNU GPL'd, by Julian Seward et al.
==8822== Using Valgrind-3.22.0-bd4db67b1d-20231031 and LibVEX; rerun with -h for copyright info
==8822== Command: /home/luis/Documents/Atividades_USP/Estrutura_de_dados_3/Trabalho_introdutorio/Trabalho_introdutorio/TrabalhoIntrodutorio.exe
==8822== Parent PID: 2309
==8822== 
--8822-- 
--8822-- Valgrind options:
--8822--    -v
--8822--    --tool=memcheck
--8822--    --leak-check=full
--8822--    --num-callers=40
--8822--    --log-file=valgrind.log
--8822-- Contents of /proc/version:
--8822--   Linux version 6.8.0-41-generic (buildd@lcy02-amd64-100) (x86_64-linux-gnu-gcc-13 (Ubuntu 13.2.0-23ubuntu4) 13.2.0, GNU ld (GNU Binutils for Ubuntu) 2.42) #41-Ubuntu SMP PREEMPT_DYNAMIC Fri Aug  2 20:41:06 UTC 2024
--8822-- 
--8822-- Arch and hwcaps: AMD64, LittleEndian, amd64-cx16-lzcnt-rdtscp-sse3-ssse3-avx-avx2-bmi-rdrand-rdseed
--8822-- Page sizes: currently 4096, max supported 4096
--8822-- Valgrind library directory: /usr/libexec/valgrind
--8822-- Reading syms from /home/luis/Documents/Atividades_USP/Estrutura_de_dados_3/Trabalho_introdutorio/Trabalho_introdutorio/TrabalhoIntrodutorio.exe
--8822-- Reading syms from /usr/lib/x86_64-linux-gnu/ld-linux-x86-64.so.2
--8822--   Considering /usr/lib/debug/.build-id/35/3e1b6cb0eebc08cf3ff812eae8a51b4efd684e.debug ..
--8822--   .. build-id is valid
--8822-- Reading syms from /usr/libexec/valgrind/memcheck-amd64-linux
--8822--    object doesn't have a dynamic symbol table
--8822-- Scheduler: using generic scheduler lock implementation.
--8822-- Reading suppressions file: /usr/libexec/valgrind/default.supp
==8822== embedded gdbserver: reading from /tmp/vgdb-pipe-from-vgdb-to-8822-by-luis-on-???
==8822== embedded gdbserver: writing to   /tmp/vgdb-pipe-to-vgdb-from-8822-by-luis-on-???
==8822== embedded gdbserver: shared mem   /tmp/vgdb-pipe-shared-mem-vgdb-8822-by-luis-on-???
==8822== 
==8822== TO CONTROL THIS PROCESS USING vgdb (which you probably
==8822== don't want to do, unless you know exactly what you're doing,
==8822== or are doing some strange experiment):
==8822==   /usr/bin/vgdb --pid=8822 ...command...
==8822== 
==8822== TO DEBUG THIS PROCESS USING GDB: start GDB like this
==8822==   /path/to/gdb /home/luis/Documents/Atividades_USP/Estrutura_de_dados_3/Trabalho_introdutorio/Trabalho_introdutorio/TrabalhoIntrodutorio.exe
==8822== and then give GDB the following command
==8822==   target remote | /usr/bin/vgdb --pid=8822
==8822== --pid is optional if only one valgrind process is running
==8822== 
--8822-- REDIR: 0x4028b00 (ld-linux-x86-64.so.2:strlen) redirected to 0x580c2e1a (???)
--8822-- REDIR: 0x40272b0 (ld-linux-x86-64.so.2:index) redirected to 0x580c2e34 (???)
--8822-- Reading syms from /usr/libexec/valgrind/vgpreload_core-amd64-linux.so
--8822-- Reading syms from /usr/libexec/valgrind/vgpreload_memcheck-amd64-linux.so
==8822== WARNING: new redirection conflicts with existing -- ignoring it
--8822--     old: 0x04028b00 (strlen              ) R-> (0000.0) 0x580c2e1a ???
--8822--     new: 0x04028b00 (strlen              ) R-> (2007.0) 0x0484f340 strlen
--8822-- REDIR: 0x40274e0 (ld-linux-x86-64.so.2:strcmp) redirected to 0x4850460 (strcmp)
--8822-- REDIR: 0x4026910 (ld-linux-x86-64.so.2:mempcpy) redirected to 0x4853cd0 (mempcpy)
--8822-- Reading syms from /usr/lib/x86_64-linux-gnu/libc.so.6
--8822--   Considering /usr/lib/debug/.build-id/6d/64b17fbac799e68da7ebd9985ddf9b5cb375e6.debug ..
--8822--   .. build-id is valid
--8822-- REDIR: 0x4028ca0 (ld-linux-x86-64.so.2:strncmp) redirected to 0x484fc90 (strncmp)
--8822-- REDIR: 0x4920040 (libc.so.6:strnlen) redirected to 0x483d1c0 (_vgnU_ifunc_wrapper)
--8822-- REDIR: 0x49200d0 (libc.so.6:strpbrk) redirected to 0x483d1c0 (_vgnU_ifunc_wrapper)
--8822-- REDIR: 0x491e190 (libc.so.6:strcmp) redirected to 0x483d1c0 (_vgnU_ifunc_wrapper)
--8822-- REDIR: 0x49373b0 (libc.so.6:wcsnlen) redirected to 0x483d1c0 (_vgnU_ifunc_wrapper)
--8822-- REDIR: 0x491d280 (libc.so.6:memset) redirected to 0x483d1c0 (_vgnU_ifunc_wrapper)
--8822-- REDIR: 0x4936b20 (libc.so.6:wcslen) redirected to 0x483d1c0 (_vgnU_ifunc_wrapper)
--8822-- REDIR: 0x49a23c0 (libc.so.6:__memcpy_chk) redirected to 0x483d1c0 (_vgnU_ifunc_wrapper)
--8822-- REDIR: 0x491d1f0 (libc.so.6:memrchr) redirected to 0x483d1c0 (_vgnU_ifunc_wrapper)
--8822-- REDIR: 0x4937350 (libc.so.6:wcsncpy) redirected to 0x483d1c0 (_vgnU_ifunc_wrapper)
--8822-- REDIR: 0x491c710 (libc.so.6:memcpy@@GLIBC_2.14) redirected to 0x483d1c0 (_vgnU_ifunc_wrapper)
--8822-- REDIR: 0x49358e0 (libc.so.6:wcschr) redirected to 0x483d1c0 (_vgnU_ifunc_wrapper)
--8822-- REDIR: 0x491e080 (libc.so.6:index) redirected to 0x483d1c0 (_vgnU_ifunc_wrapper)
--8822-- REDIR: 0x4920100 (libc.so.6:rindex) redirected to 0x483d1c0 (_vgnU_ifunc_wrapper)
--8822-- REDIR: 0x4935990 (libc.so.6:wcscmp) redirected to 0x483d1c0 (_vgnU_ifunc_wrapper)
--8822-- REDIR: 0x491d4a0 (libc.so.6:stpncpy) redirected to 0x483d1c0 (_vgnU_ifunc_wrapper)
--8822-- REDIR: 0x4943eb0 (libc.so.6:wmemchr) redirected to 0x483d1c0 (_vgnU_ifunc_wrapper)
--8822-- REDIR: 0x491fee0 (libc.so.6:strncmp) redirected to 0x483d1c0 (_vgnU_ifunc_wrapper)
--8822-- REDIR: 0x491d500 (libc.so.6:strcasecmp) redirected to 0x483d1c0 (_vgnU_ifunc_wrapper)
--8822-- REDIR: 0x491f300 (libc.so.6:strcspn) redirected to 0x483d1c0 (_vgnU_ifunc_wrapper)
--8822-- REDIR: 0x49368f0 (libc.so.6:wcscpy) redirected to 0x483d1c0 (_vgnU_ifunc_wrapper)
--8822-- REDIR: 0x491e010 (libc.so.6:strcat) redirected to 0x483d1c0 (_vgnU_ifunc_wrapper)
--8822-- REDIR: 0x491fde0 (libc.so.6:strncasecmp_l) redirected to 0x483d1c0 (_vgnU_ifunc_wrapper)
--8822-- REDIR: 0x491e100 (libc.so.6:strchrnul) redirected to 0x483d1c0 (_vgnU_ifunc_wrapper)
--8822-- REDIR: 0x491c620 (libc.so.6:bcmp) redirected to 0x483d1c0 (_vgnU_ifunc_wrapper)
--8822-- REDIR: 0x491f290 (libc.so.6:strcpy) redirected to 0x483d1c0 (_vgnU_ifunc_wrapper)
--8822-- REDIR: 0x491d5a0 (libc.so.6:strcasecmp_l) redirected to 0x483d1c0 (_vgnU_ifunc_wrapper)
--8822-- REDIR: 0x491fcb0 (libc.so.6:strlen) redirected to 0x483d1c0 (_vgnU_ifunc_wrapper)
--8822-- REDIR: 0x491ff80 (libc.so.6:strncpy) redirected to 0x483d1c0 (_vgnU_ifunc_wrapper)
--8822-- REDIR: 0x4943f30 (libc.so.6:wmemcmp) redirected to 0x483d1c0 (_vgnU_ifunc_wrapper)
--8822-- REDIR: 0x49a24e0 (libc.so.6:__memmove_chk) redirected to 0x483d1c0 (_vgnU_ifunc_wrapper)
==8822== WARNING: new redirection conflicts with existing -- ignoring it
--8822--     old: 0x049f39d0 (__memcpy_chk_avx_una) R-> (2030.0) 0x04853dd0 __memcpy_chk
--8822--     new: 0x049f39d0 (__memcpy_chk_avx_una) R-> (2024.0) 0x04853740 __memmove_chk
--8822-- REDIR: 0x491d430 (libc.so.6:stpcpy) redirected to 0x483d1c0 (_vgnU_ifunc_wrapper)
--8822-- REDIR: 0x491cfb0 (libc.so.6:memmove) redirected to 0x483d1c0 (_vgnU_ifunc_wrapper)
==8822== Preferring higher priority redirection:
--8822--     old: 0x049f3a00 (__memcpy_avx_unalign) R-> (2018.0) 0x04851580 __memcpy_avx_unaligned_erms
--8822--     new: 0x049f3a00 (__memcpy_avx_unalign) R-> (2018.1) 0x04852d60 memmove
--8822-- REDIR: 0x491c5a0 (libc.so.6:memchr) redirected to 0x483d1c0 (_vgnU_ifunc_wrapper)
--8822-- REDIR: 0x49202d0 (libc.so.6:strspn) redirected to 0x483d1c0 (_vgnU_ifunc_wrapper)
--8822-- REDIR: 0x491d0d0 (libc.so.6:mempcpy) redirected to 0x483d1c0 (_vgnU_ifunc_wrapper)
--8822-- REDIR: 0x491fd40 (libc.so.6:strncasecmp) redirected to 0x483d1c0 (_vgnU_ifunc_wrapper)
--8822-- REDIR: 0x49f85f0 (libc.so.6:__strrchr_avx2) redirected to 0x484ed20 (rindex)
--8822-- REDIR: 0x4919790 (libc.so.6:calloc) redirected to 0x484d8a0 (calloc)
--8822-- REDIR: 0x4918640 (libc.so.6:malloc) redirected to 0x48467b0 (malloc)
==8822== 
==8822== Process terminating with default action of signal 2 (SIGINT)
==8822==    at 0x4986A61: read (read.c:26)
==8822==    by 0x48FD794: _IO_file_underflow@@GLIBC_2.2.5 (fileops.c:517)
==8822==    by 0x49005C1: _IO_default_uflow (genops.c:362)
==8822==    by 0x48D71B3: __vfscanf_internal (vfscanf-internal.c:676)
==8822==    by 0x48CAEB5: __isoc99_scanf (isoc99_scanf.c:30)
==8822==    by 0x109BD2: main (in /home/luis/Documents/Atividades_USP/Estrutura_de_dados_3/Trabalho_introdutorio/Trabalho_introdutorio/TrabalhoIntrodutorio.exe)
==8822== 
==8822== HEAP SUMMARY:
==8822==     in use at exit: 1,124 bytes in 2 blocks
==8822==   total heap usage: 2 allocs, 0 frees, 1,124 bytes allocated
==8822== 
==8822== Searching for pointers to 2 not-freed blocks
==8822== Checked 108,288 bytes
==8822== 
==8822== LEAK SUMMARY:
==8822==    definitely lost: 0 bytes in 0 blocks
==8822==    indirectly lost: 0 bytes in 0 blocks
==8822==      possibly lost: 0 bytes in 0 blocks
==8822==    still reachable: 1,124 bytes in 2 blocks
==8822==         suppressed: 0 bytes in 0 blocks
==8822== Reachable blocks (those to which a pointer was found) are not shown.
==8822== To see them, rerun with: --leak-check=full --show-leak-kinds=all
==8822== 
==8822== ERROR SUMMARY: 0 errors from 0 contexts (suppressed: 0 from 0)
