LeonardoSpectrum Level 3 - 2020a.2 (Release Production Release, compiled Apr 27 2020 at 09:07:52)
Copyright Siemens 1990-2020.  All rights reserved.
Portions copyright 1991-2020 Compuware Corporation

Session history will be logged to file 'C:/MGC/LeoSpec/LS2020a_2/demo/leospec.his'
--
-- Welcome to LeonardoSpectrum Level 3
-- Run By Luis@DESKTOP-TCBBMVE
-- Run Started On Sun Jun 09 18:08:02 Hora oficial do Brasil 2024
--
Reading library file `C:\MGC\LeoSpec\LS2020a_2\\lib\scl05u.syn`...
Library version = Sample
Delays assume: Process=typical Temp= 25.0 C  Voltage=3.30 V  
Info: setting encoding to auto
-- Reading module generator description from file C:/MGC/LeoSpec/LS2020a_2//data/modgen/scl05u.vhd
-- Reading vhdl file C:/MGC/LeoSpec/LS2020a_2//data/modgen/scl05u.vhd into library OPERATORS
-- Loading modgen ASIC architectures...
-- Reading vhdl file C:\MGC\LeoSpec\LS2020a_2\\data\modgen\asic.vhd into library OPERATORS
--
-- ASIC MODGEN Architecture Generator Version 4.4
--
Info, Working Directory is now 'C:/Users/Luis/Documents/Escola/Atividades_USP/Sistemas_Digitais/Treino/treino/leonardo'
Info, History file moved to new working directory
Info, Log file moved to new working directory
-- Reading file 'C:/Users/Luis/Documents/Escola/Atividades_USP/Sistemas_Digitais/Treino/treino/src/mux2x1.v'...
-- Loading module 'Mux2x1'
-- Compiling root module 'Mux2x1'
-- Reading file 'C:/Users/Luis/Documents/Escola/Atividades_USP/Sistemas_Digitais/Treino/treino/src/comparador.v'...
-- Loading module 'Comparador'
-- Compiling root module 'Comparador'
-- Reading file 'C:/Users/Luis/Documents/Escola/Atividades_USP/Sistemas_Digitais/Treino/treino/src/comparadoresEmSerie.v'...
-- Loading module 'juntarComparadores'
-- Compiling root module 'juntarComparadores'
-- Reading file 'C:/Users/Luis/Documents/Escola/Atividades_USP/Sistemas_Digitais/Treino/treino/src/projeto.v'...
-- Loading module 'ProcurarMenor'
"C:/Users/Luis/Documents/Escola/Atividades_USP/Sistemas_Digitais/Treino/treino/src/projeto.v",line 4: Warning, g is never used.
-- Compiling root module 'ProcurarMenor'
-- Compiling module juntarComparadores_8 as black box
-- Compiling module Mux2x1_8 as black box
-- Boundary optimization.
-- Start pre-optimization for design .work.ProcurarMenor.INTERFACE
-- Start pre-optimization for design .work.ProcurarMenor.INTERFACE





                        Critical Path Report

Critical path #1, (unconstrained path)
NAME                               GATE              ARRIVAL              LOAD
------------------------------------------------------------------------------
Comp/l                             GENERIC_BLACK_BOX  0.00  0.00 up             0.07
muxMax/s                           GENERIC_BLACK_BOX  0.00  0.00 up             0.00
data arrival time                                    0.00


data required time                                not specified
------------------------------------------------------------------------------
data required time                                not specified
data arrival time                                    0.00
                                                  ----------
                                               unconstrained path
------------------------------------------------------------------------------


Using default wire table: SCL_CORE_4K
-- Optimizing netlist .work.ProcurarMenor.INTERFACE
-- Matching combinational logic..
-- Matching non-combinational logic..
-- Covering..
-- CPU Time used :   00:00 Mapping
-- Final Design Rule Check..
optimize_timing: Cannot find technology cells with timing in design.
Either the design is empty or it has not been mapped yet.



                        Critical Path Report

Critical path #1, (unconstrained path)
NAME                               GATE              ARRIVAL              LOAD
------------------------------------------------------------------------------
Comp/l                             GENERIC_BLACK_BOX  0.00  0.00 up             0.07
muxMax/s                           GENERIC_BLACK_BOX  0.00  0.00 up             0.00
data arrival time                                    0.00


data required time                                not specified
------------------------------------------------------------------------------
data required time                                not specified
data arrival time                                    0.00
                                                  ----------
                                               unconstrained path
------------------------------------------------------------------------------


