
**** 06/27/24 17:22:58 *********** Evaluation PSpice (Nov 1999) **************

 * C:\Users\luis\Documents\Facul\Atividades_USP\Circuitos\EX3\14592348.sch


 ****     CIRCUIT DESCRIPTION


******************************************************************************




* Schematics Version 9.1 - Web Update 1
* Thu Jun 27 17:22:06 2024



** Analysis setup **
.tran 10us 1


* From [PSPICE NETLIST] section of pspiceev.ini:
.lib "nom.lib"

.INC "14592348.net"

**** INCLUDING 14592348.net ****
* Schematics Netlist *



R_R1         P1 $N_0001  2  
R_R2         P2 $N_0002  1  
L_L3         $N_0002 P3  1  
L_L2         P2 P3  1  
L_L4         0 $N_0003  2  
C_C1         0 P2  1  
R_R3         $N_0003 P3  1  
L_L1         $N_0001 P2  1  
I_I1         P3 0 DC 0A AC 3A -48
V_V1         P1 0  
+SIN 0 48 0.318 0 0 0

**** RESUMING 14592348.cir ****
.INC "14592348.als"



**** INCLUDING 14592348.als ****
* Schematics Aliases *

.ALIASES
R_R1            R1(1=P1 2=$N_0001 )
R_R2            R2(1=P2 2=$N_0002 )
L_L3            L3(1=$N_0002 2=P3 )
L_L2            L2(1=P2 2=P3 )
L_L4            L4(1=0 2=$N_0003 )
C_C1            C1(1=0 2=P2 )
R_R3            R3(1=$N_0003 2=P3 )
L_L1            L1(1=$N_0001 2=P2 )
I_I1            I1(+=P3 -=0 )
V_V1            V1(+=P1 -=0 )
_    _(P1=P1)
_    _(P2=P2)
_    _(P3=P3)
.ENDALIASES


**** RESUMING 14592348.cir ****
.probe


.END

**** 06/27/24 17:22:58 *********** Evaluation PSpice (Nov 1999) **************

 * C:\Users\luis\Documents\Facul\Atividades_USP\Circuitos\EX3\14592348.sch


 ****     INITIAL TRANSIENT SOLUTION       TEMPERATURE =   27.000 DEG C


******************************************************************************



 NODE   VOLTAGE     NODE   VOLTAGE     NODE   VOLTAGE     NODE   VOLTAGE


(   P1)    0.0000  (   P2)    0.0000  (   P3)    0.0000  ($N_0001)    0.0000    

($N_0002)    0.0000                   ($N_0003)    0.0000                   




    VOLTAGE SOURCE CURRENTS
    NAME         CURRENT

    V_V1         0.000E+00

    TOTAL POWER DISSIPATION   0.00E+00  WATTS



          JOB CONCLUDED

          TOTAL JOB TIME            0.00
